<?xml version="1.0" encoding="UTF-8"?>
<!-- Generated by org.testng.reporters.JUnitReportReporter -->
<testsuite hostname="DESKTOP-BGILPG9" failures="0" tests="2" name="org.FrameworkFromScratch.ErrorValidationTests" time="16.043" errors="0" timestamp="2023-01-04T08:04:23 IST" skipped="0">
  <testcase classname="org.FrameworkFromScratch.ErrorValidationTests" name="invalidLoginTest" time="5.542"/>
  <system-out/>
  <testcase classname="org.FrameworkFromScratch.ErrorValidationTests" name="invalidProductTest" time="10.501"/>
  <system-out/>
</testsuite> <!-- org.FrameworkFromScratch.ErrorValidationTests -->
