<?xml version="1.0" encoding="UTF-8"?>
<!-- Generated by org.testng.reporters.JUnitReportReporter -->
<testsuite hostname="DESKTOP-BGILPG9" failures="0" tests="1" name="org.CucumberWrapper.TestNGTestRunner" time="21.677" errors="0" timestamp="2023-01-04T08:15:31 IST" skipped="0">
  <testcase classname="org.CucumberWrapper.TestNGTestRunner" name="runScenario" time="21.677"/>
  <system-out/>
</testsuite> <!-- org.CucumberWrapper.TestNGTestRunner -->
