<?xml version="1.0" encoding="UTF-8"?>
<!-- Generated by org.testng.reporters.JUnitReportReporter -->
<testsuite hostname="DESKTOP-BGILPG9" failures="0" tests="3" name="org.AutomationTesting.SampleTest" time="45.768" errors="0" timestamp="2023-04-15T19:54:40 IST" skipped="0">
  <testcase classname="org.AutomationTesting.SampleTest" name="SampleTestCase" time="19.059"/>
  <system-out/>
  <testcase classname="org.AutomationTesting.SampleTest" name="SampleTestCase" time="9.101"/>
  <system-out/>
  <testcase classname="org.AutomationTesting.SampleTest" name="SampleTestCase" time="17.608"/>
  <system-out/>
</testsuite> <!-- org.AutomationTesting.SampleTest -->
