<?xml version="1.0" encoding="UTF-8"?>
<!-- Generated by org.testng.reporters.JUnitReportReporter -->
<testsuite hostname="DESKTOP-4Q9LMA0" failures="0" tests="2" name="com.Basics.RunTest" time="0.005" errors="0" timestamp="2022-07-23T08:40:54 IST" skipped="1">
  <testcase classname="com.Basics.RunTest" name="Demo" time="0.005"/>
  <system-out/>
  <testcase classname="com.Basics.RunTest" name="SecondTest">
    <skipped/>
  </testcase> <!-- SecondTest -->
  <system-out/>
</testsuite> <!-- com.Basics.RunTest -->
