<?xml version="1.0" encoding="UTF-8"?>
<!-- Generated by org.testng.reporters.JUnitReportReporter -->
<testsuite hostname="DESKTOP-4Q9LMA0" failures="0" tests="2" name="com.Basics.CarLoan" time="0.016" errors="0" timestamp="2022-07-23T08:40:54 IST" skipped="0">
  <testcase classname="com.Basics.CarLoan" name="APILoginCarLoan" time="0.013"/>
  <system-out/>
  <testcase classname="com.Basics.CarLoan" name="MobileLoginCarLoan" time="0.003"/>
  <system-out/>
</testsuite> <!-- com.Basics.CarLoan -->
