<?xml version="1.0" encoding="UTF-8"?>
<!-- Generated by org.testng.reporters.JUnitReportReporter -->
<testsuite hostname="DESKTOP-4Q9LMA0" failures="0" tests="1" name="com.Basics.Test2" time="0.008" errors="0" timestamp="2022-07-23T08:40:54 IST" skipped="0">
  <testcase classname="com.Basics.Test2" name="Zen" time="0.008"/>
  <system-out/>
</testsuite> <!-- com.Basics.Test2 -->
