<?xml version="1.0" encoding="UTF-8"?>
<!-- Generated by org.testng.reporters.JUnitReportReporter -->
<testsuite hostname="DESKTOP-4Q9LMA0" failures="0" tests="1" name="AutomationTesting.AppTest" time="0.008" errors="0" timestamp="2022-07-24T21:32:44 IST" skipped="0">
  <testcase classname="AutomationTesting.AppTest" name="shouldAnswerWithTrue" time="0.008"/>
  <system-out/>
</testsuite> <!-- AutomationTesting.AppTest -->
