<?xml version="1.0" encoding="UTF-8"?>
<!-- Generated by org.testng.reporters.JUnitReportReporter -->
<testsuite hostname="DESKTOP-4Q9LMA0" failures="0" tests="2" name="AutomationTesting.RestAssuredTest" time="0.002" errors="0" timestamp="2022-07-24T22:14:35 IST" skipped="0">
  <testcase classname="AutomationTesting.RestAssuredTest" name="recieveRequest" time="0.002"/>
  <system-out/>
  <testcase classname="AutomationTesting.RestAssuredTest" name="sendRequest" time="0.000"/>
  <system-out/>
</testsuite> <!-- AutomationTesting.RestAssuredTest -->
