<?xml version="1.0" encoding="UTF-8"?>
<!-- Generated by org.testng.reporters.JUnitReportReporter -->
<testsuite hostname="DESKTOP-4Q9LMA0" failures="0" tests="2" name="AutomationTesting.SeleniumTest" time="0.011" errors="0" timestamp="2022-07-24T23:24:35 IST" skipped="0">
  <testcase classname="AutomationTesting.SeleniumTest" name="screenshot" time="0.010"/>
  <system-out/>
  <testcase classname="AutomationTesting.SeleniumTest" name="openBrowser" time="0.001"/>
  <system-out/>
</testsuite> <!-- AutomationTesting.SeleniumTest -->
