<?xml version="1.0" encoding="UTF-8"?>
<!-- Generated by org.testng.reporters.JUnitReportReporter -->
<testsuite hostname="DESKTOP-4Q9LMA0" failures="0" tests="2" name="AutomationTesting.AppiumTest" time="0.008" errors="0" timestamp="2022-07-24T23:11:05 IST" skipped="0">
  <testcase classname="AutomationTesting.AppiumTest" name="closeApp" time="0.007"/>
  <system-out/>
  <testcase classname="AutomationTesting.AppiumTest" name="openApp" time="0.001"/>
  <system-out/>
</testsuite> <!-- AutomationTesting.AppiumTest -->
