<?xml version="1.0" encoding="UTF-8"?>
<testsuite xmlns:xsi="http://www.w3.org/2001/XMLSchema-instance" xsi:noNamespaceSchemaLocation="https://maven.apache.org/surefire/maven-surefire-plugin/xsd/surefire-test-report-3.0.xsd" version="3.0" name="TestSuite" time="22.729" tests="3" errors="0" skipped="0" failures="0">
  <properties>
    <property name="java.specification.version" value="17"/>
    <property name="sun.cpu.isalist" value="amd64"/>
    <property name="sun.jnu.encoding" value="Cp1252"/>
    <property name="java.class.path" value="C:\Users\Hp\Documents\Backup\Documents\Selenium Webdriver\SeleniumEclipseWorkspace\CrossBrowserTesting\target\test-classes;C:\Users\Hp\Documents\Backup\Documents\Selenium Webdriver\SeleniumEclipseWorkspace\CrossBrowserTesting\target\classes;C:\Users\Hp\.m2\repository\org\testng\testng\7.7.1\testng-7.7.1.jar;C:\Users\Hp\.m2\repository\org\slf4j\slf4j-api\1.7.36\slf4j-api-1.7.36.jar;C:\Users\Hp\.m2\repository\com\beust\jcommander\1.82\jcommander-1.82.jar;C:\Users\Hp\.m2\repository\org\webjars\jquery\3.6.1\jquery-3.6.1.jar;C:\Users\Hp\.m2\repository\org\seleniumhq\selenium\selenium-java\4.8.3\selenium-java-4.8.3.jar;C:\Users\Hp\.m2\repository\org\seleniumhq\selenium\selenium-api\4.8.3\selenium-api-4.8.3.jar;C:\Users\Hp\.m2\repository\org\seleniumhq\selenium\selenium-chrome-driver\4.8.3\selenium-chrome-driver-4.8.3.jar;C:\Users\Hp\.m2\repository\com\google\auto\service\auto-service-annotations\1.0.1\auto-service-annotations-1.0.1.jar;C:\Users\Hp\.m2\repository\com\google\auto\service\auto-service\1.0.1\auto-service-1.0.1.jar;C:\Users\Hp\.m2\repository\com\google\auto\auto-common\1.2\auto-common-1.2.jar;C:\Users\Hp\.m2\repository\com\google\guava\guava\31.1-jre\guava-31.1-jre.jar;C:\Users\Hp\.m2\repository\com\google\guava\failureaccess\1.0.1\failureaccess-1.0.1.jar;C:\Users\Hp\.m2\repository\com\google\guava\listenablefuture\9999.0-empty-to-avoid-conflict-with-guava\listenablefuture-9999.0-empty-to-avoid-conflict-with-guava.jar;C:\Users\Hp\.m2\repository\com\google\code\findbugs\jsr305\3.0.2\jsr305-3.0.2.jar;C:\Users\Hp\.m2\repository\org\checkerframework\checker-qual\3.12.0\checker-qual-3.12.0.jar;C:\Users\Hp\.m2\repository\com\google\errorprone\error_prone_annotations\2.11.0\error_prone_annotations-2.11.0.jar;C:\Users\Hp\.m2\repository\com\google\j2objc\j2objc-annotations\1.3\j2objc-annotations-1.3.jar;C:\Users\Hp\.m2\repository\org\seleniumhq\selenium\selenium-chromium-driver\4.8.3\selenium-chromium-driver-4.8.3.jar;C:\Users\Hp\.m2\repository\org\seleniumhq\selenium\selenium-json\4.8.3\selenium-json-4.8.3.jar;C:\Users\Hp\.m2\repository\org\seleniumhq\selenium\selenium-manager\4.8.3\selenium-manager-4.8.3.jar;C:\Users\Hp\.m2\repository\org\seleniumhq\selenium\selenium-devtools-v109\4.8.3\selenium-devtools-v109-4.8.3.jar;C:\Users\Hp\.m2\repository\org\seleniumhq\selenium\selenium-devtools-v110\4.8.3\selenium-devtools-v110-4.8.3.jar;C:\Users\Hp\.m2\repository\org\seleniumhq\selenium\selenium-devtools-v111\4.8.3\selenium-devtools-v111-4.8.3.jar;C:\Users\Hp\.m2\repository\org\seleniumhq\selenium\selenium-devtools-v85\4.8.3\selenium-devtools-v85-4.8.3.jar;C:\Users\Hp\.m2\repository\org\seleniumhq\selenium\selenium-edge-driver\4.8.3\selenium-edge-driver-4.8.3.jar;C:\Users\Hp\.m2\repository\org\seleniumhq\selenium\selenium-firefox-driver\4.8.3\selenium-firefox-driver-4.8.3.jar;C:\Users\Hp\.m2\repository\org\seleniumhq\selenium\selenium-http\4.8.3\selenium-http-4.8.3.jar;C:\Users\Hp\.m2\repository\dev\failsafe\failsafe\3.3.1\failsafe-3.3.1.jar;C:\Users\Hp\.m2\repository\org\seleniumhq\selenium\selenium-ie-driver\4.8.3\selenium-ie-driver-4.8.3.jar;C:\Users\Hp\.m2\repository\org\seleniumhq\selenium\selenium-remote-driver\4.8.3\selenium-remote-driver-4.8.3.jar;C:\Users\Hp\.m2\repository\io\netty\netty-buffer\4.1.90.Final\netty-buffer-4.1.90.Final.jar;C:\Users\Hp\.m2\repository\io\netty\netty-codec-http\4.1.90.Final\netty-codec-http-4.1.90.Final.jar;C:\Users\Hp\.m2\repository\io\netty\netty-codec\4.1.90.Final\netty-codec-4.1.90.Final.jar;C:\Users\Hp\.m2\repository\io\netty\netty-handler\4.1.90.Final\netty-handler-4.1.90.Final.jar;C:\Users\Hp\.m2\repository\io\netty\netty-common\4.1.90.Final\netty-common-4.1.90.Final.jar;C:\Users\Hp\.m2\repository\io\netty\netty-transport-classes-epoll\4.1.90.Final\netty-transport-classes-epoll-4.1.90.Final.jar;C:\Users\Hp\.m2\repository\io\netty\netty-transport-classes-kqueue\4.1.90.Final\netty-transport-classes-kqueue-4.1.90.Final.jar;C:\Users\Hp\.m2\repository\io\netty\netty-transport-native-epoll\4.1.90.Final\netty-transport-native-epoll-4.1.90.Final.jar;C:\Users\Hp\.m2\repository\io\netty\netty-transport-native-kqueue\4.1.90.Final\netty-transport-native-kqueue-4.1.90.Final.jar;C:\Users\Hp\.m2\repository\io\netty\netty-transport-native-unix-common\4.1.90.Final\netty-transport-native-unix-common-4.1.90.Final.jar;C:\Users\Hp\.m2\repository\io\netty\netty-transport\4.1.90.Final\netty-transport-4.1.90.Final.jar;C:\Users\Hp\.m2\repository\io\netty\netty-resolver\4.1.90.Final\netty-resolver-4.1.90.Final.jar;C:\Users\Hp\.m2\repository\io\opentelemetry\opentelemetry-api\1.24.0\opentelemetry-api-1.24.0.jar;C:\Users\Hp\.m2\repository\io\opentelemetry\opentelemetry-context\1.24.0\opentelemetry-context-1.24.0.jar;C:\Users\Hp\.m2\repository\io\opentelemetry\opentelemetry-exporter-logging\1.24.0\opentelemetry-exporter-logging-1.24.0.jar;C:\Users\Hp\.m2\repository\io\opentelemetry\opentelemetry-sdk-metrics\1.24.0\opentelemetry-sdk-metrics-1.24.0.jar;C:\Users\Hp\.m2\repository\io\opentelemetry\opentelemetry-sdk-logs\1.24.0-alpha\opentelemetry-sdk-logs-1.24.0-alpha.jar;C:\Users\Hp\.m2\repository\io\opentelemetry\opentelemetry-api-logs\1.24.0-alpha\opentelemetry-api-logs-1.24.0-alpha.jar;C:\Users\Hp\.m2\repository\io\opentelemetry\opentelemetry-api-events\1.24.0-alpha\opentelemetry-api-events-1.24.0-alpha.jar;C:\Users\Hp\.m2\repository\io\opentelemetry\opentelemetry-sdk-common\1.24.0\opentelemetry-sdk-common-1.24.0.jar;C:\Users\Hp\.m2\repository\io\opentelemetry\opentelemetry-sdk-extension-autoconfigure-spi\1.24.0\opentelemetry-sdk-extension-autoconfigure-spi-1.24.0.jar;C:\Users\Hp\.m2\repository\io\opentelemetry\opentelemetry-sdk-extension-autoconfigure\1.24.0-alpha\opentelemetry-sdk-extension-autoconfigure-1.24.0-alpha.jar;C:\Users\Hp\.m2\repository\io\opentelemetry\opentelemetry-sdk-trace\1.24.0\opentelemetry-sdk-trace-1.24.0.jar;C:\Users\Hp\.m2\repository\io\opentelemetry\opentelemetry-sdk\1.24.0\opentelemetry-sdk-1.24.0.jar;C:\Users\Hp\.m2\repository\io\opentelemetry\opentelemetry-semconv\1.24.0-alpha\opentelemetry-semconv-1.24.0-alpha.jar;C:\Users\Hp\.m2\repository\io\ous\jtoml\2.0.0\jtoml-2.0.0.jar;C:\Users\Hp\.m2\repository\net\bytebuddy\byte-buddy\1.14.2\byte-buddy-1.14.2.jar;C:\Users\Hp\.m2\repository\org\apache\commons\commons-exec\1.3\commons-exec-1.3.jar;C:\Users\Hp\.m2\repository\org\asynchttpclient\async-http-client\2.12.3\async-http-client-2.12.3.jar;C:\Users\Hp\.m2\repository\org\asynchttpclient\async-http-client-netty-utils\2.12.3\async-http-client-netty-utils-2.12.3.jar;C:\Users\Hp\.m2\repository\io\netty\netty-codec-socks\4.1.60.Final\netty-codec-socks-4.1.60.Final.jar;C:\Users\Hp\.m2\repository\io\netty\netty-handler-proxy\4.1.60.Final\netty-handler-proxy-4.1.60.Final.jar;C:\Users\Hp\.m2\repository\io\netty\netty-transport-native-epoll\4.1.60.Final\netty-transport-native-epoll-4.1.60.Final-linux-x86_64.jar;C:\Users\Hp\.m2\repository\io\netty\netty-transport-native-kqueue\4.1.60.Final\netty-transport-native-kqueue-4.1.60.Final-osx-x86_64.jar;C:\Users\Hp\.m2\repository\org\reactivestreams\reactive-streams\1.0.3\reactive-streams-1.0.3.jar;C:\Users\Hp\.m2\repository\com\typesafe\netty\netty-reactive-streams\2.0.4\netty-reactive-streams-2.0.4.jar;C:\Users\Hp\.m2\repository\com\sun\activation\jakarta.activation\1.2.2\jakarta.activation-1.2.2.jar;C:\Users\Hp\.m2\repository\org\seleniumhq\selenium\selenium-safari-driver\4.8.3\selenium-safari-driver-4.8.3.jar;C:\Users\Hp\.m2\repository\org\seleniumhq\selenium\selenium-support\4.8.3\selenium-support-4.8.3.jar;C:\Users\Hp\.m2\repository\com\browserstack\browserstack-java-sdk\1.4.0\browserstack-java-sdk-1.4.0.jar;C:\Users\Hp\.m2\repository\org\javassist\javassist\3.26.0-GA\javassist-3.26.0-GA.jar;C:\Users\Hp\.m2\repository\com\fasterxml\jackson\core\jackson-core\2.14.2\jackson-core-2.14.2.jar;C:\Users\Hp\.m2\repository\com\fasterxml\jackson\core\jackson-databind\2.14.2\jackson-databind-2.14.2.jar;C:\Users\Hp\.m2\repository\com\fasterxml\jackson\core\jackson-annotations\2.14.2\jackson-annotations-2.14.2.jar;C:\Users\Hp\.m2\repository\com\browserstack\browserstack-local-java\1.0.6\browserstack-local-java-1.0.6.jar;C:\Users\Hp\.m2\repository\commons-io\commons-io\1.3.2\commons-io-1.3.2.jar;C:\Users\Hp\.m2\repository\org\json\json\20160212\json-20160212.jar;C:\Users\Hp\.m2\repository\org\apache\commons\commons-lang3\3.11\commons-lang3-3.11.jar;C:\Users\Hp\.m2\repository\com\googlecode\json-simple\json-simple\1.1.1\json-simple-1.1.1.jar;C:\Users\Hp\.m2\repository\junit\junit\4.10\junit-4.10.jar;C:\Users\Hp\.m2\repository\org\hamcrest\hamcrest-core\1.1\hamcrest-core-1.1.jar;C:\Users\Hp\.m2\repository\org\yaml\snakeyaml\2.0\snakeyaml-2.0.jar;C:\Users\Hp\.m2\repository\org\apache\maven\maven-artifact\3.8.6\maven-artifact-3.8.6.jar;C:\Users\Hp\.m2\repository\org\codehaus\plexus\plexus-utils\3.3.1\plexus-utils-3.3.1.jar;C:\Users\Hp\.m2\repository\org\jsoup\jsoup\1.15.3\jsoup-1.15.3.jar;C:\Users\Hp\.m2\repository\com\squareup\okhttp3\okhttp\3.14.9\okhttp-3.14.9.jar;C:\Users\Hp\.m2\repository\com\squareup\okio\okio\1.17.2\okio-1.17.2.jar;C:\Users\Hp\.m2\repository\org\eclipse\jgit\org.eclipse.jgit\5.4.2.201908231537-r\org.eclipse.jgit-5.4.2.201908231537-r.jar;C:\Users\Hp\.m2\repository\com\jcraft\jsch\0.1.55\jsch-0.1.55.jar;C:\Users\Hp\.m2\repository\com\jcraft\jzlib\1.1.1\jzlib-1.1.1.jar;C:\Users\Hp\.m2\repository\com\googlecode\javaewah\JavaEWAH\1.1.6\JavaEWAH-1.1.6.jar;C:\Users\Hp\.m2\repository\org\bouncycastle\bcpg-jdk15on\1.61\bcpg-jdk15on-1.61.jar;C:\Users\Hp\.m2\repository\org\bouncycastle\bcprov-jdk15on\1.61\bcprov-jdk15on-1.61.jar;C:\Users\Hp\.m2\repository\org\bouncycastle\bcpkix-jdk15on\1.61\bcpkix-jdk15on-1.61.jar;C:\Users\Hp\.m2\repository\org\apache\logging\log4j\log4j-core\2.20.0\log4j-core-2.20.0.jar;C:\Users\Hp\.m2\repository\org\apache\logging\log4j\log4j-api\2.20.0\log4j-api-2.20.0.jar;C:\Users\Hp\.m2\repository\com\google\code\gson\gson\2.9.1\gson-2.9.1.jar;"/>
    <property name="java.vm.vendor" value="Oracle Corporation"/>
    <property name="sun.arch.data.model" value="64"/>
    <property name="OBSERVABILITY_BUILD_HASHED_ID" value="jdkmnkpq73v2k1u7tuwxnmb8m7ct9ntcdvij1bsk"/>
    <property name="user.variant" value=""/>
    <property name="java.vendor.url" value="https://java.oracle.com/"/>
    <property name="user.timezone" value="Asia/Calcutta"/>
    <property name="os.name" value="Windows 10"/>
    <property name="java.vm.specification.version" value="17"/>
    <property name="sun.java.launcher" value="SUN_STANDARD"/>
    <property name="user.country" value="IN"/>
    <property name="sun.boot.library.path" value="C:\Program Files\Java\jdk-17.0.5\bin"/>
    <property name="OBSERVABILITY_ALLOW_SCREENSHOTS" value="true"/>
    <property name="sun.java.command" value="C:\Users\Hp\AppData\Local\Temp\surefire600032658754594870\surefirebooter14657192446698124499.jar C:\Users\Hp\AppData\Local\Temp\surefire600032658754594870 2023-04-15T19-54-12_034-jvmRun1 surefire6450094421606254495tmp surefire_014593843555181053996tmp"/>
    <property name="jdk.debug" value="release"/>
    <property name="surefire.test.class.path" value="C:\Users\Hp\Documents\Backup\Documents\Selenium Webdriver\SeleniumEclipseWorkspace\CrossBrowserTesting\target\test-classes;C:\Users\Hp\Documents\Backup\Documents\Selenium Webdriver\SeleniumEclipseWorkspace\CrossBrowserTesting\target\classes;C:\Users\Hp\.m2\repository\org\testng\testng\7.7.1\testng-7.7.1.jar;C:\Users\Hp\.m2\repository\org\slf4j\slf4j-api\1.7.36\slf4j-api-1.7.36.jar;C:\Users\Hp\.m2\repository\com\beust\jcommander\1.82\jcommander-1.82.jar;C:\Users\Hp\.m2\repository\org\webjars\jquery\3.6.1\jquery-3.6.1.jar;C:\Users\Hp\.m2\repository\org\seleniumhq\selenium\selenium-java\4.8.3\selenium-java-4.8.3.jar;C:\Users\Hp\.m2\repository\org\seleniumhq\selenium\selenium-api\4.8.3\selenium-api-4.8.3.jar;C:\Users\Hp\.m2\repository\org\seleniumhq\selenium\selenium-chrome-driver\4.8.3\selenium-chrome-driver-4.8.3.jar;C:\Users\Hp\.m2\repository\com\google\auto\service\auto-service-annotations\1.0.1\auto-service-annotations-1.0.1.jar;C:\Users\Hp\.m2\repository\com\google\auto\service\auto-service\1.0.1\auto-service-1.0.1.jar;C:\Users\Hp\.m2\repository\com\google\auto\auto-common\1.2\auto-common-1.2.jar;C:\Users\Hp\.m2\repository\com\google\guava\guava\31.1-jre\guava-31.1-jre.jar;C:\Users\Hp\.m2\repository\com\google\guava\failureaccess\1.0.1\failureaccess-1.0.1.jar;C:\Users\Hp\.m2\repository\com\google\guava\listenablefuture\9999.0-empty-to-avoid-conflict-with-guava\listenablefuture-9999.0-empty-to-avoid-conflict-with-guava.jar;C:\Users\Hp\.m2\repository\com\google\code\findbugs\jsr305\3.0.2\jsr305-3.0.2.jar;C:\Users\Hp\.m2\repository\org\checkerframework\checker-qual\3.12.0\checker-qual-3.12.0.jar;C:\Users\Hp\.m2\repository\com\google\errorprone\error_prone_annotations\2.11.0\error_prone_annotations-2.11.0.jar;C:\Users\Hp\.m2\repository\com\google\j2objc\j2objc-annotations\1.3\j2objc-annotations-1.3.jar;C:\Users\Hp\.m2\repository\org\seleniumhq\selenium\selenium-chromium-driver\4.8.3\selenium-chromium-driver-4.8.3.jar;C:\Users\Hp\.m2\repository\org\seleniumhq\selenium\selenium-json\4.8.3\selenium-json-4.8.3.jar;C:\Users\Hp\.m2\repository\org\seleniumhq\selenium\selenium-manager\4.8.3\selenium-manager-4.8.3.jar;C:\Users\Hp\.m2\repository\org\seleniumhq\selenium\selenium-devtools-v109\4.8.3\selenium-devtools-v109-4.8.3.jar;C:\Users\Hp\.m2\repository\org\seleniumhq\selenium\selenium-devtools-v110\4.8.3\selenium-devtools-v110-4.8.3.jar;C:\Users\Hp\.m2\repository\org\seleniumhq\selenium\selenium-devtools-v111\4.8.3\selenium-devtools-v111-4.8.3.jar;C:\Users\Hp\.m2\repository\org\seleniumhq\selenium\selenium-devtools-v85\4.8.3\selenium-devtools-v85-4.8.3.jar;C:\Users\Hp\.m2\repository\org\seleniumhq\selenium\selenium-edge-driver\4.8.3\selenium-edge-driver-4.8.3.jar;C:\Users\Hp\.m2\repository\org\seleniumhq\selenium\selenium-firefox-driver\4.8.3\selenium-firefox-driver-4.8.3.jar;C:\Users\Hp\.m2\repository\org\seleniumhq\selenium\selenium-http\4.8.3\selenium-http-4.8.3.jar;C:\Users\Hp\.m2\repository\dev\failsafe\failsafe\3.3.1\failsafe-3.3.1.jar;C:\Users\Hp\.m2\repository\org\seleniumhq\selenium\selenium-ie-driver\4.8.3\selenium-ie-driver-4.8.3.jar;C:\Users\Hp\.m2\repository\org\seleniumhq\selenium\selenium-remote-driver\4.8.3\selenium-remote-driver-4.8.3.jar;C:\Users\Hp\.m2\repository\io\netty\netty-buffer\4.1.90.Final\netty-buffer-4.1.90.Final.jar;C:\Users\Hp\.m2\repository\io\netty\netty-codec-http\4.1.90.Final\netty-codec-http-4.1.90.Final.jar;C:\Users\Hp\.m2\repository\io\netty\netty-codec\4.1.90.Final\netty-codec-4.1.90.Final.jar;C:\Users\Hp\.m2\repository\io\netty\netty-handler\4.1.90.Final\netty-handler-4.1.90.Final.jar;C:\Users\Hp\.m2\repository\io\netty\netty-common\4.1.90.Final\netty-common-4.1.90.Final.jar;C:\Users\Hp\.m2\repository\io\netty\netty-transport-classes-epoll\4.1.90.Final\netty-transport-classes-epoll-4.1.90.Final.jar;C:\Users\Hp\.m2\repository\io\netty\netty-transport-classes-kqueue\4.1.90.Final\netty-transport-classes-kqueue-4.1.90.Final.jar;C:\Users\Hp\.m2\repository\io\netty\netty-transport-native-epoll\4.1.90.Final\netty-transport-native-epoll-4.1.90.Final.jar;C:\Users\Hp\.m2\repository\io\netty\netty-transport-native-kqueue\4.1.90.Final\netty-transport-native-kqueue-4.1.90.Final.jar;C:\Users\Hp\.m2\repository\io\netty\netty-transport-native-unix-common\4.1.90.Final\netty-transport-native-unix-common-4.1.90.Final.jar;C:\Users\Hp\.m2\repository\io\netty\netty-transport\4.1.90.Final\netty-transport-4.1.90.Final.jar;C:\Users\Hp\.m2\repository\io\netty\netty-resolver\4.1.90.Final\netty-resolver-4.1.90.Final.jar;C:\Users\Hp\.m2\repository\io\opentelemetry\opentelemetry-api\1.24.0\opentelemetry-api-1.24.0.jar;C:\Users\Hp\.m2\repository\io\opentelemetry\opentelemetry-context\1.24.0\opentelemetry-context-1.24.0.jar;C:\Users\Hp\.m2\repository\io\opentelemetry\opentelemetry-exporter-logging\1.24.0\opentelemetry-exporter-logging-1.24.0.jar;C:\Users\Hp\.m2\repository\io\opentelemetry\opentelemetry-sdk-metrics\1.24.0\opentelemetry-sdk-metrics-1.24.0.jar;C:\Users\Hp\.m2\repository\io\opentelemetry\opentelemetry-sdk-logs\1.24.0-alpha\opentelemetry-sdk-logs-1.24.0-alpha.jar;C:\Users\Hp\.m2\repository\io\opentelemetry\opentelemetry-api-logs\1.24.0-alpha\opentelemetry-api-logs-1.24.0-alpha.jar;C:\Users\Hp\.m2\repository\io\opentelemetry\opentelemetry-api-events\1.24.0-alpha\opentelemetry-api-events-1.24.0-alpha.jar;C:\Users\Hp\.m2\repository\io\opentelemetry\opentelemetry-sdk-common\1.24.0\opentelemetry-sdk-common-1.24.0.jar;C:\Users\Hp\.m2\repository\io\opentelemetry\opentelemetry-sdk-extension-autoconfigure-spi\1.24.0\opentelemetry-sdk-extension-autoconfigure-spi-1.24.0.jar;C:\Users\Hp\.m2\repository\io\opentelemetry\opentelemetry-sdk-extension-autoconfigure\1.24.0-alpha\opentelemetry-sdk-extension-autoconfigure-1.24.0-alpha.jar;C:\Users\Hp\.m2\repository\io\opentelemetry\opentelemetry-sdk-trace\1.24.0\opentelemetry-sdk-trace-1.24.0.jar;C:\Users\Hp\.m2\repository\io\opentelemetry\opentelemetry-sdk\1.24.0\opentelemetry-sdk-1.24.0.jar;C:\Users\Hp\.m2\repository\io\opentelemetry\opentelemetry-semconv\1.24.0-alpha\opentelemetry-semconv-1.24.0-alpha.jar;C:\Users\Hp\.m2\repository\io\ous\jtoml\2.0.0\jtoml-2.0.0.jar;C:\Users\Hp\.m2\repository\net\bytebuddy\byte-buddy\1.14.2\byte-buddy-1.14.2.jar;C:\Users\Hp\.m2\repository\org\apache\commons\commons-exec\1.3\commons-exec-1.3.jar;C:\Users\Hp\.m2\repository\org\asynchttpclient\async-http-client\2.12.3\async-http-client-2.12.3.jar;C:\Users\Hp\.m2\repository\org\asynchttpclient\async-http-client-netty-utils\2.12.3\async-http-client-netty-utils-2.12.3.jar;C:\Users\Hp\.m2\repository\io\netty\netty-codec-socks\4.1.60.Final\netty-codec-socks-4.1.60.Final.jar;C:\Users\Hp\.m2\repository\io\netty\netty-handler-proxy\4.1.60.Final\netty-handler-proxy-4.1.60.Final.jar;C:\Users\Hp\.m2\repository\io\netty\netty-transport-native-epoll\4.1.60.Final\netty-transport-native-epoll-4.1.60.Final-linux-x86_64.jar;C:\Users\Hp\.m2\repository\io\netty\netty-transport-native-kqueue\4.1.60.Final\netty-transport-native-kqueue-4.1.60.Final-osx-x86_64.jar;C:\Users\Hp\.m2\repository\org\reactivestreams\reactive-streams\1.0.3\reactive-streams-1.0.3.jar;C:\Users\Hp\.m2\repository\com\typesafe\netty\netty-reactive-streams\2.0.4\netty-reactive-streams-2.0.4.jar;C:\Users\Hp\.m2\repository\com\sun\activation\jakarta.activation\1.2.2\jakarta.activation-1.2.2.jar;C:\Users\Hp\.m2\repository\org\seleniumhq\selenium\selenium-safari-driver\4.8.3\selenium-safari-driver-4.8.3.jar;C:\Users\Hp\.m2\repository\org\seleniumhq\selenium\selenium-support\4.8.3\selenium-support-4.8.3.jar;C:\Users\Hp\.m2\repository\com\browserstack\browserstack-java-sdk\1.4.0\browserstack-java-sdk-1.4.0.jar;C:\Users\Hp\.m2\repository\org\javassist\javassist\3.26.0-GA\javassist-3.26.0-GA.jar;C:\Users\Hp\.m2\repository\com\fasterxml\jackson\core\jackson-core\2.14.2\jackson-core-2.14.2.jar;C:\Users\Hp\.m2\repository\com\fasterxml\jackson\core\jackson-databind\2.14.2\jackson-databind-2.14.2.jar;C:\Users\Hp\.m2\repository\com\fasterxml\jackson\core\jackson-annotations\2.14.2\jackson-annotations-2.14.2.jar;C:\Users\Hp\.m2\repository\com\browserstack\browserstack-local-java\1.0.6\browserstack-local-java-1.0.6.jar;C:\Users\Hp\.m2\repository\commons-io\commons-io\1.3.2\commons-io-1.3.2.jar;C:\Users\Hp\.m2\repository\org\json\json\20160212\json-20160212.jar;C:\Users\Hp\.m2\repository\org\apache\commons\commons-lang3\3.11\commons-lang3-3.11.jar;C:\Users\Hp\.m2\repository\com\googlecode\json-simple\json-simple\1.1.1\json-simple-1.1.1.jar;C:\Users\Hp\.m2\repository\junit\junit\4.10\junit-4.10.jar;C:\Users\Hp\.m2\repository\org\hamcrest\hamcrest-core\1.1\hamcrest-core-1.1.jar;C:\Users\Hp\.m2\repository\org\yaml\snakeyaml\2.0\snakeyaml-2.0.jar;C:\Users\Hp\.m2\repository\org\apache\maven\maven-artifact\3.8.6\maven-artifact-3.8.6.jar;C:\Users\Hp\.m2\repository\org\codehaus\plexus\plexus-utils\3.3.1\plexus-utils-3.3.1.jar;C:\Users\Hp\.m2\repository\org\jsoup\jsoup\1.15.3\jsoup-1.15.3.jar;C:\Users\Hp\.m2\repository\com\squareup\okhttp3\okhttp\3.14.9\okhttp-3.14.9.jar;C:\Users\Hp\.m2\repository\com\squareup\okio\okio\1.17.2\okio-1.17.2.jar;C:\Users\Hp\.m2\repository\org\eclipse\jgit\org.eclipse.jgit\5.4.2.201908231537-r\org.eclipse.jgit-5.4.2.201908231537-r.jar;C:\Users\Hp\.m2\repository\com\jcraft\jsch\0.1.55\jsch-0.1.55.jar;C:\Users\Hp\.m2\repository\com\jcraft\jzlib\1.1.1\jzlib-1.1.1.jar;C:\Users\Hp\.m2\repository\com\googlecode\javaewah\JavaEWAH\1.1.6\JavaEWAH-1.1.6.jar;C:\Users\Hp\.m2\repository\org\bouncycastle\bcpg-jdk15on\1.61\bcpg-jdk15on-1.61.jar;C:\Users\Hp\.m2\repository\org\bouncycastle\bcprov-jdk15on\1.61\bcprov-jdk15on-1.61.jar;C:\Users\Hp\.m2\repository\org\bouncycastle\bcpkix-jdk15on\1.61\bcpkix-jdk15on-1.61.jar;C:\Users\Hp\.m2\repository\org\apache\logging\log4j\log4j-core\2.20.0\log4j-core-2.20.0.jar;C:\Users\Hp\.m2\repository\org\apache\logging\log4j\log4j-api\2.20.0\log4j-api-2.20.0.jar;C:\Users\Hp\.m2\repository\com\google\code\gson\gson\2.9.1\gson-2.9.1.jar;"/>
    <property name="sun.cpu.endian" value="little"/>
    <property name="user.home" value="C:\Users\Hp"/>
    <property name="user.language" value="en"/>
    <property name="java.specification.vendor" value="Oracle Corporation"/>
    <property name="java.version.date" value="2022-10-18"/>
    <property name="java.home" value="C:\Program Files\Java\jdk-17.0.5"/>
    <property name="file.separator" value="\"/>
    <property name="basedir" value="C:\Users\Hp\Documents\Backup\Documents\Selenium Webdriver\SeleniumEclipseWorkspace\CrossBrowserTesting"/>
    <property name="java.vm.compressedOopsMode" value="32-bit"/>
    <property name="line.separator" value="&#10;"/>
    <property name="java.vm.specification.vendor" value="Oracle Corporation"/>
    <property name="java.specification.name" value="Java Platform API Specification"/>
    <property name="surefire.real.class.path" value="C:\Users\Hp\AppData\Local\Temp\surefire600032658754594870\surefirebooter14657192446698124499.jar"/>
    <property name="user.script" value=""/>
    <property name="sun.management.compiler" value="HotSpot 64-Bit Tiered Compilers"/>
    <property name="java.runtime.version" value="17.0.5+9-LTS-191"/>
    <property name="user.name" value="Hp"/>
    <property name="path.separator" value=";"/>
    <property name="otel.metrics.exporter" value="none"/>
    <property name="os.version" value="10.0"/>
    <property name="java.runtime.name" value="Java(TM) SE Runtime Environment"/>
    <property name="otel.traces.exporter" value="none"/>
    <property name="file.encoding" value="Cp1252"/>
    <property name="java.vm.name" value="Java HotSpot(TM) 64-Bit Server VM"/>
    <property name="localRepository" value="C:\Users\Hp\.m2\repository"/>
    <property name="java.vendor.url.bug" value="https://bugreport.java.com/bugreport/"/>
    <property name="java.io.tmpdir" value="C:\Users\Hp\AppData\Local\Temp\"/>
    <property name="java.version" value="17.0.5"/>
    <property name="user.dir" value="C:\Users\Hp\Documents\Backup\Documents\Selenium Webdriver\SeleniumEclipseWorkspace\CrossBrowserTesting"/>
    <property name="os.arch" value="amd64"/>
    <property name="java.vm.specification.name" value="Java Virtual Machine Specification"/>
    <property name="OBSERVABILITY_JWT" value="eyJhbGciOiJIUzI1NiJ9.eyJpc3MiOiJicm93c2Vyc3RhY2tfb2IiLCJzdWIiOiI3MTU0ODEwIiwiZ3JvdXBfaWQiOjcwNjI1NTgsInVzZXJfaWQiOjcxNTQ4MTAsImJ1aWxkX2hhc2hlZF9pZCI6Impka21ua3BxNzN2MmsxdTd0dXd4bm1iOG03Y3Q5bnRjZHZpajFic2siLCJpYXQiOjE2ODE1Njg2NTYsImV4cCI6MTY4MTc0MTQ1Nn0.Kb1XTmqR3DZ8Mz4FZqnKwGVy6iBcPq1FNrc9axX_yXw"/>
    <property name="SampleTestCase@0" value="0"/>
    <property name="SampleTestCase@1" value="1"/>
    <property name="sun.os.patch.level" value=""/>
    <property name="SampleTestCase@2" value="2"/>
    <property name="native.encoding" value="Cp1252"/>
    <property name="java.library.path" value="C:\Program Files\Java\jdk-17.0.5\bin;C:\Windows\Sun\Java\bin;C:\Windows\system32;C:\Windows;C:\Program Files\Common Files\Oracle\Java\javapath;C:\Windows\system32;C:\Windows;C:\Windows\System32\Wbem;C:\Windows\System32\WindowsPowerShell\v1.0\;C:\Windows\System32\OpenSSH\;C:\Program Files\Java\jdk-17.0.5\bin;C:\Program Files\Maven\apache-maven-3.8.6\bin;C:\Program Files\Amazon\AWSCLIV2\;C:\Program Files\nodejs\;C:\Program Files\MySQL\MySQL Shell 8.0\bin\;C:\Users\Hp\AppData\Local\Programs\Python\Python311\Scripts\;C:\Users\Hp\AppData\Local\Programs\Python\Python311\;C:\Users\Hp\AppData\Local\Microsoft\WindowsApps;C:\Program Files\JetBrains\IntelliJ IDEA Community Edition 2022.3\bin;;C:\Users\Hp\AppData\Roaming\npm;."/>
    <property name="java.vm.info" value="mixed mode, sharing"/>
    <property name="java.vendor" value="Oracle Corporation"/>
    <property name="java.vm.version" value="17.0.5+9-LTS-191"/>
    <property name="sun.io.unicode.encoding" value="UnicodeLittle"/>
    <property name="java.class.version" value="61.0"/>
  </properties>
  <testcase name="SampleTestCase" classname="org.AutomationTesting.SampleTest" time="11.414">
    <system-out><![CDATA[[&amp#27;[1;34mINFO&amp#27;[0;39m] [Utils] MethodGroupsHelper.collectMethodsByGroup() took 0 ms.
[&amp#27;[1;34mINFO&amp#27;[0;39m] [Utils] MethodGroupsHelper.sortMethods() took 5 ms.
[&amp#27;[1;34mINFO&amp#27;[0;39m] [Utils] MethodGroupsHelper.collectMethodsByGroup() took 0 ms.
[&amp#27;[1;34mINFO&amp#27;[0;39m] [Utils] MethodGroupsHelper.sortMethods() took 0 ms.
[&amp#27;[1;34mINFO&amp#27;[0;39m] [Utils] MethodGroupsHelper.collectMethodsByGroup() took 0 ms.
[&amp#27;[1;34mINFO&amp#27;[0;39m] [Utils] MethodGroupsHelper.sortMethods() took 0 ms.
[&amp#27;[1;34mINFO&amp#27;[0;39m] [Utils] MethodGroupsHelper.collectMethodsByGroup() took 0 ms.
[&amp#27;[1;34mINFO&amp#27;[0;39m] [Utils] MethodGroupsHelper.sortMethods() took 0 ms.
[&amp#27;[1;34mINFO&amp#27;[0;39m] [Utils] MethodGroupsHelper.collectMethodsByGroup() took 0 ms.
[&amp#27;[1;34mINFO&amp#27;[0;39m] [Utils] MethodGroupsHelper.sortMethods() took 0 ms.
[&amp#27;[1;34mINFO&amp#27;[0;39m] [Utils] MethodGroupsHelper.collectMethodsByGroup() took 0 ms.
[&amp#27;[1;34mINFO&amp#27;[0;39m] [Utils] MethodGroupsHelper.sortMethods() took 0 ms.
[&amp#27;[1;34mINFO&amp#27;[0;39m] [Utils] MethodGroupsHelper.collectMethodsByGroup() took 0 ms.
[&amp#27;[1;34mINFO&amp#27;[0;39m] [Utils] MethodGroupsHelper.sortMethods() took 0 ms.
[&amp#27;[1;34mINFO&amp#27;[0;39m] [Utils] MethodGroupsHelper.collectMethodsByGroup() took 0 ms.
[&amp#27;[1;34mINFO&amp#27;[0;39m] [Utils] MethodGroupsHelper.sortMethods() took 0 ms.
[&amp#27;[1;34mINFO&amp#27;[0;39m] [Utils] MethodGroupsHelper.collectMethodsByGroup() took 0 ms.
[&amp#27;[1;34mINFO&amp#27;[0;39m] [Utils] MethodGroupsHelper.sortMethods() took 0 ms.
[&amp#27;[1;34mINFO&amp#27;[0;39m] [Utils] MethodGroupsHelper.collectMethodsByGroup() took 0 ms.
[&amp#27;[1;34mINFO&amp#27;[0;39m] [Utils] MethodGroupsHelper.sortMethods() took 0 ms.
[&amp#27;[1;34mINFO&amp#27;[0;39m] [Utils] MethodGroupsHelper.collectMethodsByGroup() took 0 ms.
[&amp#27;[1;34mINFO&amp#27;[0;39m] [Utils] MethodGroupsHelper.sortMethods() took 0 ms.
[&amp#27;[1;34mINFO&amp#27;[0;39m] [Utils] MethodGroupsHelper.collectMethodsByGroup() took 0 ms.
[&amp#27;[1;34mINFO&amp#27;[0;39m] [Utils] MethodGroupsHelper.sortMethods() took 0 ms.
[&amp#27;[1;34mINFO&amp#27;[0;39m] [Utils] MethodGroupsHelper.collectMethodsByGroup() took 3 ms.
[&amp#27;[1;34mINFO&amp#27;[0;39m] [Utils] MethodGroupsHelper.sortMethods() took 6 ms.
[&amp#27;[1;34mINFO&amp#27;[0;39m] [Utils] MethodGroupsHelper.collectMethodsByGroup() took 0 ms.
[&amp#27;[1;34mINFO&amp#27;[0;39m] [Utils] MethodGroupsHelper.sortMethods() took 0 ms.
[&amp#27;[1;34mINFO&amp#27;[0;39m] [Utils] MethodGroupsHelper.collectMethodsByGroup() took 0 ms.
[&amp#27;[1;34mINFO&amp#27;[0;39m] [Utils] MethodGroupsHelper.sortMethods() took 0 ms.
[&amp#27;[1;34mINFO&amp#27;[0;39m] [Utils] MethodGroupsHelper.collectMethodsByGroup() took 0 ms.
[&amp#27;[1;34mINFO&amp#27;[0;39m] [Utils] MethodGroupsHelper.sortMethods() took 0 ms.
[&amp#27;[1;34mINFO&amp#27;[0;39m] [Utils] MethodGroupsHelper.collectMethodsByGroup() took 0 ms.
[&amp#27;[1;34mINFO&amp#27;[0;39m] [Utils] MethodGroupsHelper.sortMethods() took 0 ms.
[&amp#27;[1;34mINFO&amp#27;[0;39m] [Utils] MethodGroupsHelper.collectMethodsByGroup() took 0 ms.
[&amp#27;[1;34mINFO&amp#27;[0;39m] [Utils] MethodGroupsHelper.sortMethods() took 0 ms.
[&amp#27;[1;34mINFO&amp#27;[0;39m] [Utils] MethodGroupsHelper.collectMethodsByGroup() took 0 ms.
[&amp#27;[1;34mINFO&amp#27;[0;39m] [Utils] MethodGroupsHelper.sortMethods() took 0 ms.
[&amp#27;[1;34mINFO&amp#27;[0;39m] [Utils] MethodGroupsHelper.collectMethodsByGroup() took 0 ms.
[&amp#27;[1;34mINFO&amp#27;[0;39m] [Utils] MethodGroupsHelper.sortMethods() took 0 ms.
[&amp#27;[1;34mINFO&amp#27;[0;39m] [Utils] MethodGroupsHelper.collectMethodsByGroup() took 0 ms.
[&amp#27;[1;34mINFO&amp#27;[0;39m] [Utils] MethodGroupsHelper.sortMethods() took 0 ms.
[&amp#27;[1;34mINFO&amp#27;[0;39m] [Utils] MethodGroupsHelper.collectMethodsByGroup() took 0 ms.
[&amp#27;[1;34mINFO&amp#27;[0;39m] [Utils] MethodGroupsHelper.sortMethods() took 0 ms.
[&amp#27;[1;34mINFO&amp#27;[0;39m] [Utils] MethodGroupsHelper.collectMethodsByGroup() took 0 ms.
[&amp#27;[1;34mINFO&amp#27;[0;39m] [Utils] MethodGroupsHelper.sortMethods() took 0 ms.
[&amp#27;[1;34mINFO&amp#27;[0;39m] [Utils] MethodGroupsHelper.collectMethodsByGroup() took 0 ms.
[&amp#27;[1;34mINFO&amp#27;[0;39m] [Utils] MethodGroupsHelper.sortMethods() took 0 ms.
[&amp#27;[1;34mINFO&amp#27;[0;39m] [Utils] MethodGroupsHelper.collectMethodsByGroup() took 0 ms.
[&amp#27;[1;34mINFO&amp#27;[0;39m] [Utils] MethodGroupsHelper.sortMethods() took 0 ms.
[&amp#27;[1;34mINFO&amp#27;[0;39m] [Utils] MethodGroupsHelper.collectMethodsByGroup() took 0 ms.
[&amp#27;[1;34mINFO&amp#27;[0;39m] [Utils] MethodGroupsHelper.sortMethods() took 0 ms.
[&amp#27;[1;34mINFO&amp#27;[0;39m] [Utils] MethodGroupsHelper.collectMethodsByGroup() took 0 ms.
[&amp#27;[1;34mINFO&amp#27;[0;39m] [Utils] MethodGroupsHelper.sortMethods() took 0 ms.
[&amp#27;[1;34mINFO&amp#27;[0;39m] [Utils] MethodGroupsHelper.collectMethodsByGroup() took 0 ms.
[&amp#27;[1;34mINFO&amp#27;[0;39m] [Utils] MethodGroupsHelper.sortMethods() took 0 ms.
[&amp#27;[1;34mINFO&amp#27;[0;39m] [Utils] MethodGroupsHelper.collectMethodsByGroup() took 0 ms.
[&amp#27;[1;34mINFO&amp#27;[0;39m] [Utils] MethodGroupsHelper.sortMethods() took 0 ms.
[&amp#27;[1;34mINFO&amp#27;[0;39m] [Utils] MethodGroupsHelper.collectMethodsByGroup() took 0 ms.
[&amp#27;[1;34mINFO&amp#27;[0;39m] [Utils] MethodGroupsHelper.sortMethods() took 0 ms.
[&amp#27;[1;34mINFO&amp#27;[0;39m] [Utils] MethodGroupsHelper.collectMethodsByGroup() took 0 ms.
[&amp#27;[1;34mINFO&amp#27;[0;39m] [Utils] MethodGroupsHelper.sortMethods() took 0 ms.
[&amp#27;[1;34mINFO&amp#27;[0;39m] [Utils] MethodGroupsHelper.collectMethodsByGroup() took 0 ms.
[&amp#27;[1;34mINFO&amp#27;[0;39m] [Utils] MethodGroupsHelper.sortMethods() took 0 ms.
[&amp#27;[1;34mINFO&amp#27;[0;39m] [Utils] MethodGroupsHelper.collectMethodsByGroup() took 0 ms.
[&amp#27;[1;34mINFO&amp#27;[0;39m] [Utils] MethodGroupsHelper.sortMethods() took 0 ms.
[&amp#27;[1;34mINFO&amp#27;[0;39m] [Utils] MethodGroupsHelper.collectMethodsByGroup() took 0 ms.
[&amp#27;[1;34mINFO&amp#27;[0;39m] [Utils] MethodGroupsHelper.sortMethods() took 0 ms.
[&amp#27;[1;34mINFO&amp#27;[0;39m] [Utils] MethodGroupsHelper.collectMethodsByGroup() took 0 ms.
[&amp#27;[1;34mINFO&amp#27;[0;39m] [Utils] MethodGroupsHelper.sortMethods() took 0 ms.
[&amp#27;[1;34mINFO&amp#27;[0;39m] [Utils] MethodGroupsHelper.collectMethodsByGroup() took 0 ms.
[&amp#27;[1;34mINFO&amp#27;[0;39m] [Utils] MethodGroupsHelper.sortMethods() took 0 ms.
[&amp#27;[1;34mINFO&amp#27;[0;39m] [Utils] MethodGroupsHelper.collectMethodsByGroup() took 0 ms.
[&amp#27;[1;34mINFO&amp#27;[0;39m] [Utils] MethodGroupsHelper.sortMethods() took 0 ms.
[&amp#27;[1;34mINFO&amp#27;[0;39m] [Utils] MethodGroupsHelper.collectMethodsByGroup() took 0 ms.
[&amp#27;[1;34mINFO&amp#27;[0;39m] [Utils] MethodGroupsHelper.sortMethods() took 0 ms.
[&amp#27;[1;34mINFO&amp#27;[0;39m] [Utils] MethodGroupsHelper.collectMethodsByGroup() took 0 ms.
[&amp#27;[1;34mINFO&amp#27;[0;39m] [Utils] MethodGroupsHelper.sortMethods() took 0 ms.
[&amp#27;[1;34mINFO&amp#27;[0;39m] [Utils] MethodGroupsHelper.collectMethodsByGroup() took 0 ms.
[&amp#27;[1;34mINFO&amp#27;[0;39m] [Utils] MethodGroupsHelper.sortMethods() took 0 ms.
[&amp#27;[1;34mINFO&amp#27;[0;39m] [Utils] MethodGroupsHelper.collectMethodsByGroup() took 0 ms.
[&amp#27;[1;34mINFO&amp#27;[0;39m] [Utils] MethodGroupsHelper.sortMethods() took 0 ms.
[&amp#27;[1;34mINFO&amp#27;[0;39m] [Utils] MethodGroupsHelper.collectMethodsByGroup() took 0 ms.
[&amp#27;[1;34mINFO&amp#27;[0;39m] [Utils] MethodGroupsHelper.sortMethods() took 0 ms.
[&amp#27;[1;34mINFO&amp#27;[0;39m] [Utils] MethodGroupsHelper.collectMethodsByGroup() took 0 ms.
[&amp#27;[1;34mINFO&amp#27;[0;39m] [Utils] MethodGroupsHelper.sortMethods() took 1 ms.
[&amp#27;[1;34mINFO&amp#27;[0;39m] [Utils] MethodGroupsHelper.collectMethodsByGroup() took 0 ms.
[&amp#27;[1;34mINFO&amp#27;[0;39m] [Utils] MethodGroupsHelper.sortMethods() took 0 ms.
[&amp#27;[1;34mINFO&amp#27;[0;39m] [Utils] MethodGroupsHelper.collectMethodsByGroup() took 0 ms.
[&amp#27;[1;34mINFO&amp#27;[0;39m] [Utils] MethodGroupsHelper.sortMethods() took 0 ms.
[&amp#27;[1;34mINFO&amp#27;[0;39m] [ThreadUtil] Starting executor timeOut:2147483647ms workers:3 threadPoolSize:3
[&amp#27;[1;34mINFO&amp#27;[0;39m] [Utils] DynamicGraphHelper.createDynamicGraph() took 8 ms.
[&amp#27;[1;34mINFO&amp#27;[0;39m] [Utils] DynamicGraphHelper.createDynamicGraph() took 8 ms.
[&amp#27;[1;34mINFO&amp#27;[0;39m] [Utils] DynamicGraphHelper.createDynamicGraph() took 9 ms.
]]></system-out>
    <system-err><![CDATA[Apr 15, 2023 7:54:19 PM org.openqa.selenium.remote.tracing.opentelemetry.OpenTelemetryTracer createTracer
INFO: Using OpenTelemetry for tracing
]]></system-err>
  </testcase>
  <testcase name="SampleTestCase" classname="org.AutomationTesting.SampleTest" time="19.868">
    <system-out><![CDATA[PASSED: org.AutomationTesting.SampleTest.SampleTestCase

===============================================
    C:/Users/Hp/Documents/Backup/Documents/Selenium Webdriver/SeleniumEclipseWorkspace/CrossBrowserTesting-2
    Tests run: 1, Failures: 0, Skips: 0
===============================================

]]></system-out>
  </testcase>
  <testcase name="SampleTestCase" classname="org.AutomationTesting.SampleTest" time="21.338">
    <system-out><![CDATA[PASSED: org.AutomationTesting.SampleTest.SampleTestCase

===============================================
    C:/Users/Hp/Documents/Backup/Documents/Selenium Webdriver/SeleniumEclipseWorkspace/CrossBrowserTesting-1
    Tests run: 1, Failures: 0, Skips: 0
===============================================

]]></system-out>
  </testcase>
</testsuite>